<?xml version="1.0" encoding="UTF-8"?>
<testsuite xmlns:xsi="http://www.w3.org/2001/XMLSchema-instance" xsi:noNamespaceSchemaLocation="https://maven.apache.org/surefire/maven-surefire-plugin/xsd/surefire-test-report.xsd" name="MainTests" time="0.322" tests="2" errors="0" skipped="0" failures="0">
  <properties>
[...]
</properties>
  <testcase name="checkGenCandidatesInterfaces" classname="br.edu.ifsc.javargtest.MainTests" time="0.067"/>
  <testcase name="checkInterfaceTable" classname="br.edu.ifsc.javargtest.MainTests" time="0.006"/>
</testsuite>